# JRE version: OpenJDK Runtime Environment (14.0.2+12) (build 14.0.2+12-46)
# Java VM: OpenJDK 64-Bit Server VM (14.0.2+12-46, mixed mode, tiered, compressed oops, g1 gc, windows-amd64)
Heap:
 garbage-first heap   total 81920K, used 37270K [0x0000000081c00000, 0x0000000100000000)
  region size 1024K, 30 young (30720K), 1 survivors (1024K)
 Metaspace       used 28569K, capacity 29179K, committed 29312K, reserved 1075200K
  class space    used 3161K, capacity 3377K, committed 3456K, reserved 1048576K
GC Heap History (10 events):
Event: 0.706 GC heap before
{Heap before GC invocations=0 (full 0):
 garbage-first heap   total 131072K, used 13312K [0x0000000081c00000, 0x0000000100000000)
  region size 1024K, 13 young (13312K), 0 survivors (0K)
 Metaspace       used 13008K, capacity 13248K, committed 13440K, reserved 1060864K
  class space    used 1291K, capacity 1371K, committed 1408K, reserved 1048576K
}
Event: 0.711 GC heap after
{Heap after GC invocations=1 (full 0):
 garbage-first heap   total 131072K, used 4022K [0x0000000081c00000, 0x0000000100000000)
  region size 1024K, 2 young (2048K), 2 survivors (2048K)
 Metaspace       used 13008K, capacity 13248K, committed 13440K, reserved 1060864K
  class space    used 1291K, capacity 1371K, committed 1408K, reserved 1048576K
}
Event: 1.245 GC heap before
{Heap before GC invocations=1 (full 0):
 garbage-first heap   total 131072K, used 14262K [0x0000000081c00000, 0x0000000100000000)
  region size 1024K, 13 young (13312K), 2 survivors (2048K)
 Metaspace       used 17402K, capacity 17649K, committed 17792K, reserved 1064960K
  class space    used 1799K, capacity 1875K, committed 1920K, reserved 1048576K
}
Event: 1.249 GC heap after
{Heap after GC invocations=2 (full 0):
 garbage-first heap   total 131072K, used 5729K [0x0000000081c00000, 0x0000000100000000)
  region size 1024K, 2 young (2048K), 2 survivors (2048K)
 Metaspace       used 17402K, capacity 17649K, committed 17792K, reserved 1064960K
  class space    used 1799K, capacity 1875K, committed 1920K, reserved 1048576K
}
Event: 1.637 GC heap before
{Heap before GC invocations=2 (full 0):
 garbage-first heap   total 131072K, used 16993K [0x0000000081c00000, 0x0000000100000000)
  region size 1024K, 14 young (14336K), 2 survivors (2048K)
 Metaspace       used 20927K, capacity 21182K, committed 21248K, reserved 1069056K
  class space    used 2169K, capacity 2264K, committed 2304K, reserved 1048576K
}
Event: 1.641 GC heap after
{Heap after GC invocations=3 (full 0):
 garbage-first heap   total 131072K, used 6631K [0x0000000081c00000, 0x0000000100000000)
  region size 1024K, 3 young (3072K), 3 survivors (3072K)
 Metaspace       used 20927K, capacity 21182K, committed 21248K, reserved 1069056K
  class space    used 2169K, capacity 2264K, committed 2304K, reserved 1048576K
}
Event: 2.836 GC heap before
{Heap before GC invocations=4 (full 0):
 garbage-first heap   total 27648K, used 27111K [0x0000000081c00000, 0x0000000100000000)
  region size 1024K, 23 young (23552K), 3 survivors (3072K)
 Metaspace       used 25726K, capacity 26223K, committed 26368K, reserved 1073152K
  class space    used 2878K, capacity 3042K, committed 3072K, reserved 1048576K
}
Event: 2.844 GC heap after
{Heap after GC invocations=5 (full 0):
 garbage-first heap   total 31744K, used 8117K [0x0000000081c00000, 0x0000000100000000)
  region size 1024K, 4 young (4096K), 4 survivors (4096K)
 Metaspace       used 25726K, capacity 26223K, committed 26368K, reserved 1073152K
  class space    used 2878K, capacity 3042K, committed 3072K, reserved 1048576K
}
Event: 99.666 GC heap before
{Heap before GC invocations=5 (full 0):
 garbage-first heap   total 31744K, used 20405K [0x0000000081c00000, 0x0000000100000000)
  region size 1024K, 16 young (16384K), 4 survivors (4096K)
 Metaspace       used 28019K, capacity 28599K, committed 28800K, reserved 1075200K
  class space    used 3138K, capacity 3340K, committed 3456K, reserved 1048576K
}
Event: 99.675 GC heap after
{Heap after GC invocations=6 (full 0):
 garbage-first heap   total 81920K, used 8598K [0x0000000081c00000, 0x0000000100000000)
  region size 1024K, 1 young (1024K), 1 survivors (1024K)
 Metaspace       used 28019K, capacity 28599K, committed 28800K, reserved 1075200K
  class space    used 3138K, capacity 3340K, committed 3456K, reserved 1048576K
}

